<?xml version="1.0" encoding="UTF-8"?>
<!-- Generated by org.testng.reporters.JUnitReportReporter -->
<testsuite hostname="AHLPT2305002-R" failures="0" tests="1" name="UOB.Reports" time="41.416" errors="0" timestamp="2024-09-19T12:14:31 IST" skipped="0">
  <testcase classname="UOB.Reports" name="Userloginlogoutreport" time="41.416"/>
</testsuite> <!-- UOB.Reports -->
