<?xml version="1.0" encoding="UTF-8"?>
<!-- Generated by org.testng.reporters.JUnitReportReporter -->
<testsuite hostname="AHLPT2305002-R" failures="0" tests="1" name="AIF.Aiflogin" time="13.863" errors="0" timestamp="2025-08-26T10:48:21 IST" skipped="0">
  <testcase classname="AIF.Aiflogin" name="login" time="13.863"/>
</testsuite> <!-- AIF.Aiflogin -->
