<?xml version="1.0" encoding="UTF-8"?>
<!-- Generated by org.testng.reporters.JUnitReportReporter -->
<testsuite hostname="AHLPT2305002-R" failures="0" tests="4" name="UOB.Users2" time="309.588" errors="0" timestamp="2024-09-26T12:05:42 IST" skipped="0">
  <testcase classname="UOB.Users2" name="Createuser" time="90.017"/>
  <testcase classname="UOB.Users2" name="view" time="32.030"/>
  <testcase classname="UOB.Users2" name="edit" time="71.365"/>
  <testcase classname="UOB.Users2" name="Delete" time="116.176"/>
</testsuite> <!-- UOB.Users2 -->
