<?xml version="1.0" encoding="UTF-8"?>
<!-- Generated by org.testng.reporters.JUnitReportReporter -->
<testsuite hostname="AHLPT2305002-R" failures="0" tests="1" name="UOB.Users" time="23.245" errors="0" timestamp="2024-10-04T10:34:34 IST" skipped="0">
  <testcase classname="UOB.Users" name="Createuser" time="23.245"/>
</testsuite> <!-- UOB.Users -->
