<?xml version="1.0" encoding="UTF-8"?>
<!-- Generated by org.testng.reporters.JUnitReportReporter -->
<testsuite hostname="AHLPT2305002-R" failures="0" tests="1" name="UOB.TestProcess" time="193.482" errors="0" timestamp="2024-09-20T18:21:24 IST" skipped="0">
  <testcase classname="UOB.TestProcess" name="Userloginlogoutreport" time="193.482"/>
</testsuite> <!-- UOB.TestProcess -->
