<?xml version="1.0" encoding="UTF-8"?>
<!-- Generated by org.testng.reporters.JUnitReportReporter -->
<testsuite hostname="AHLPT2305002-R" failures="0" tests="3" name="TESTING.FRAMEWORK.src.bopscripts.Bop" time="11.010" errors="0" timestamp="2024-09-18T10:03:18 IST" skipped="0">
  <testcase classname="TESTING.FRAMEWORK.src.bopscripts.Bop" name="logout" time="0.347"/>
  <testcase classname="TESTING.FRAMEWORK.src.bopscripts.Bop" name="Qcreport" time="9.231"/>
  <testcase classname="TESTING.FRAMEWORK.src.bopscripts.Bop" name="login" time="1.432"/>
</testsuite> <!-- TESTING.FRAMEWORK.src.bopscripts.Bop -->
