<?xml version="1.0" encoding="UTF-8"?>
<!-- Generated by org.testng.reporters.JUnitReportReporter -->
<testsuite hostname="AHLPT2305002-R" failures="0" tests="1" name="AIF.aiflogin" time="17.974" errors="0" timestamp="2025-08-25T12:43:25 IST" skipped="0">
  <testcase classname="AIF.aiflogin" name="login" time="17.974"/>
</testsuite> <!-- AIF.aiflogin -->
