<?xml version="1.0" encoding="UTF-8"?>
<!-- Generated by org.testng.reporters.JUnitReportReporter -->
<testsuite hostname="AHLPT2305002-R" failures="0" tests="1" name="AIF.aiflogin" time="18.036" errors="0" timestamp="2025-08-25T14:17:46 IST" skipped="0">
  <testcase classname="AIF.aiflogin" name="login" time="18.036"/>
</testsuite> <!-- AIF.aiflogin -->
